Build started 12/31/2015 11:41:33 PM.
     1>Project "C:\Users\Johnathon\Desktop\TACO-OGL-EGE\TACO-OGL-EGE\TACO-OGL-EGE.vcxproj" on node 2 (Build target(s)).
     1>ClCompile:
         C:\Program Files (x86)\Microsoft Visual Studio 12.0\VC\bin\CL.exe /c /IC:\Users\Johnathon\Desktop\OpenGL /IC:\boost\boost_1_60_0\boost_1_60_0 /ZI /nologo /W3 /WX- /sdl /Od /Oy- /D _CRT_SECURE_NO_WARNINGS /D _MBCS /Gm /EHsc /RTC1 /MDd /GS /fp:precise /Zc:wchar_t /Zc:forScope /Fo"Debug\\" /Fd"Debug\vc120.pdb" /Gd /TP /analyze- /errorReport:prompt components\engine\core\core\cpp\Scene.cpp components\engine\core\core\cpp\SceneManager.cpp components\engine\core\core\h\FrameBuffer.h components\engine\core\system\cpp\SceneResponse.cpp
         SceneResponse.cpp
         FrameBuffer.h
         SceneManager.cpp
         Scene.cpp
         Generating Code...
     1>c:\users\johnathon\desktop\taco-ogl-ege\taco-ogl-ege\components\engine\core\core\h\sceneid.h(19): warning C4717: 'SceneID::getInstanceID' : recursive on all control paths, function will cause runtime stack overflow
     1>c:\users\johnathon\desktop\taco-ogl-ege\taco-ogl-ege\components\engine\core\core\h\sceneid.h(20): warning C4717: 'SceneID::getNameID' : recursive on all control paths, function will cause runtime stack overflow
       Link:
         C:\Program Files (x86)\Microsoft Visual Studio 12.0\VC\bin\link.exe /ERRORREPORT:PROMPT /OUT:"C:\Users\Johnathon\Desktop\TACO-OGL-EGE\Debug\TACO-OGL-EGE.exe" /INCREMENTAL /NOLOGO /LIBPATH:C:\boost\boost_1_60_0\boost_1_60_0\stage\lib opengl32.lib freeglut.lib glew32.lib kernel32.lib user32.lib gdi32.lib winspool.lib comdlg32.lib advapi32.lib shell32.lib ole32.lib oleaut32.lib uuid.lib odbc32.lib odbccp32.lib /MANIFEST /MANIFESTUAC:"level='asInvoker' uiAccess='false'" /manifest:embed /DEBUG /PDB:"C:\Users\Johnathon\Desktop\TACO-OGL-EGE\Debug\TACO-OGL-EGE.pdb" /TLBID:1 /DYNAMICBASE /NXCOMPAT /IMPLIB:"C:\Users\Johnathon\Desktop\TACO-OGL-EGE\Debug\TACO-OGL-EGE.lib" /MACHINE:X86 Debug\Scene.obj
         Debug\SceneID.obj
         Debug\SceneManager.obj
         Debug\FrameBuffer.obj
         Debug\DirectiveParser.obj
         Debug\Response.obj
         Debug\SceneResponse.obj
         Debug\main.obj
         TACO-OGL-EGE.vcxproj -> C:\Users\Johnathon\Desktop\TACO-OGL-EGE\Debug\TACO-OGL-EGE.exe
     1>Done Building Project "C:\Users\Johnathon\Desktop\TACO-OGL-EGE\TACO-OGL-EGE\TACO-OGL-EGE.vcxproj" (Build target(s)).

Build succeeded.

Time Elapsed 00:00:02.67
